Arguments: 
  C:\Program Files\nodejs\node.exe C:\Program Files (x86)\Yarn\bin\yarn.js add react reactdom next apollo-boost

PATH: 
  C:\ProgramData\DockerDesktop\version-bin;C:\Program Files\Docker\Docker\Resources\bin;C:\WINDOWS\system32;C:\WINDOWS;C:\WINDOWS\System32\Wbem;C:\WINDOWS\System32\WindowsPowerShell\v1.0\;C:\Program Files\Git\cmd;C:\Program Files\nodejs\;C:\WINDOWS\System32\OpenSSH\;C:\Program Files\MongoDB\Server\4.2\bin;C:\Program Files\Amazon\AWSCLIV2DevPreview\;C:\Program Files (x86)\Yarn\bin\;C:\Users\GilbertS\AppData\Local\Programs\Python\Python38\Scripts\;C:\Users\GilbertS\AppData\Local\Programs\Python\Python38\;C:\Users\GilbertS\AppData\Local\Microsoft\WindowsApps;C:\Users\GilbertS\AppData\Roaming\npm;C:\Users\GilbertS\AppData\Local\Programs\Microsoft VS Code\bin;C:\Program Files\heroku\bin;C:\Users\GilbertS\AppData\Local\GitHubDesktop\bin;C:\Users\GilbertS\AppData\Local\Yarn\bin

Yarn version: 
  1.21.1

Node version: 
  12.13.1

Platform: 
  win32 x64

Trace: 
  SyntaxError: D:\projects\Easy Park Project\easypark\package.json: Unexpected token } in JSON at position 180
      at JSON.parse (<anonymous>)
      at C:\Program Files (x86)\Yarn\lib\cli.js:1625:59
      at Generator.next (<anonymous>)
      at step (C:\Program Files (x86)\Yarn\lib\cli.js:310:30)
      at C:\Program Files (x86)\Yarn\lib\cli.js:321:13

npm manifest: 
  {
    "name": "easypark",
    "version": "1.0.0",
    "main": "index.js",
    "license": "MIT",
    "scripts": {
      "dev": "next",
      "build": "next build",
      "start": "next start"
    },
  }

yarn manifest: 
  No manifest

Lockfile: 
  No lockfile
